[debug] [2024-07-17T11:08:37.916Z] ----------------------------------------------------------------------
[debug] [2024-07-17T11:08:37.921Z] Command:       C:\Program Files\nodejs\node.exe C:\Users\hp\AppData\Roaming\npm\node_modules\firebase-tools\lib\bin\firebase.js init
[debug] [2024-07-17T11:08:37.922Z] CLI Version:   13.13.3
[debug] [2024-07-17T11:08:37.922Z] Platform:      win32
[debug] [2024-07-17T11:08:37.922Z] Node Version:  v20.10.0
[debug] [2024-07-17T11:08:37.923Z] Time:          Wed Jul 17 2024 16:38:37 GMT+0530 (India Standard Time)
[debug] [2024-07-17T11:08:37.923Z] ----------------------------------------------------------------------
[debug] 
[debug] [2024-07-17T11:08:38.076Z] > command requires scopes: ["email","openid","https://www.googleapis.com/auth/cloudplatformprojects.readonly","https://www.googleapis.com/auth/firebase","https://www.googleapis.com/auth/cloud-platform"]
[debug] [2024-07-17T11:08:38.077Z] > authorizing via signed-in user (ankitkumarmanjit123@gmail.com)
[info] 
     ######## #### ########  ######## ########     ###     ######  ########
     ##        ##  ##     ## ##       ##     ##  ##   ##  ##       ##
     ######    ##  ########  ######   ########  #########  ######  ######
     ##        ##  ##    ##  ##       ##     ## ##     ##       ## ##
     ##       #### ##     ## ######## ########  ##     ##  ######  ########

You're about to initialize a Firebase project in this directory:

  D:\FoodApp\foodapp-client

Before we get started, keep in mind:

  * You are initializing within an existing Firebase project directory

[info] 
=== Project Setup
[info] 
[info] First, let's associate this project directory with a Firebase project.
[info] You can create multiple project aliases by running firebase use --add, 
[info] but for now we'll just set up a default project.
[info] 
[debug] [2024-07-17T11:10:17.881Z] Using project from CLI flag: desiqna-foodapp
[debug] [2024-07-17T11:10:17.886Z] >>> [apiv2][query] GET https://firebase.googleapis.com/v1beta1/projects/desiqna-foodapp [none]
[debug] [2024-07-17T11:10:19.102Z] <<< [apiv2][status] GET https://firebase.googleapis.com/v1beta1/projects/desiqna-foodapp 403
[debug] [2024-07-17T11:10:19.103Z] <<< [apiv2][body] GET https://firebase.googleapis.com/v1beta1/projects/desiqna-foodapp {"error":{"code":403,"message":"The caller does not have permission","status":"PERMISSION_DENIED"}}
[debug] [2024-07-17T11:10:19.105Z] HTTP Error: 403, The caller does not have permission
[debug] [2024-07-17T11:10:19.797Z] FirebaseError: HTTP Error: 403, The caller does not have permission
    at responseToError (C:\Users\hp\AppData\Roaming\npm\node_modules\firebase-tools\lib\responseToError.js:49:12)
    at RetryOperation._fn (C:\Users\hp\AppData\Roaming\npm\node_modules\firebase-tools\lib\apiv2.js:305:77)
    at process.processTicksAndRejections (node:internal/process/task_queues:95:5)
[error] 
[error] Error: Failed to get Firebase project desiqna-foodapp. Please make sure the project exists and your account has permission to access it.
